# JRE version: Java(TM) SE Runtime Environment (17.0.12+8) (build 17.0.12+8-LTS-286)
# Java VM: Java HotSpot(TM) 64-Bit Server VM (17.0.12+8-LTS-286, mixed mode, sharing, tiered, compressed oops, compressed class ptrs, g1 gc, windows-amd64)
GC Precious Log:
 CPUs: 4 total, 4 available
 Memory: 10177M
 Large Page Support: Disabled
 NUMA Support: Disabled
 Compressed Oops: Enabled (Zero based)
 Heap Region Size: 2M
 Heap Min Capacity: 8M
 Heap Initial Capacity: 160M
 Heap Max Capacity: 2546M
 Pre-touch: Disabled
 Parallel Workers: 4
 Concurrent Workers: 1
 Concurrent Refinement Workers: 4
 Periodic GC: Disabled
Heap:
 garbage-first heap   total 163840K, used 76792K [0x0000000760e00000, 0x0000000800000000)
  region size 2048K, 37 young (75776K), 1 survivors (2048K)
 Metaspace       used 16575K, committed 16832K, reserved 1114112K
  class space    used 1984K, committed 2112K, reserved 1048576K
GC Heap History (6 events):
Event: 0.598 GC heap before
{Heap before GC invocations=0 (full 0):
 garbage-first heap   total 163840K, used 10240K [0x0000000760e00000, 0x0000000800000000)
  region size 2048K, 6 young (12288K), 0 survivors (0K)
 Metaspace       used 3279K, committed 3392K, reserved 1114112K
  class space    used 351K, committed 384K, reserved 1048576K
}
Event: 0.626 GC heap after
{Heap after GC invocations=1 (full 0):
 garbage-first heap   total 163840K, used 3077K [0x0000000760e00000, 0x0000000800000000)
  region size 2048K, 1 young (2048K), 1 survivors (2048K)
 Metaspace       used 3279K, committed 3392K, reserved 1114112K
  class space    used 351K, committed 384K, reserved 1048576K
}
Event: 0.936 GC heap before
{Heap before GC invocations=1 (full 0):
 garbage-first heap   total 163840K, used 13317K [0x0000000760e00000, 0x0000000800000000)
  region size 2048K, 6 young (12288K), 1 survivors (2048K)
 Metaspace       used 5421K, committed 5568K, reserved 1114112K
  class space    used 656K, committed 768K, reserved 1048576K
}
Event: 0.940 GC heap after
{Heap after GC invocations=2 (full 0):
 garbage-first heap   total 163840K, used 3830K [0x0000000760e00000, 0x0000000800000000)
  region size 2048K, 1 young (2048K), 1 survivors (2048K)
 Metaspace       used 5421K, committed 5568K, reserved 1114112K
  class space    used 656K, committed 768K, reserved 1048576K
}
Event: 1.586 GC heap before
{Heap before GC invocations=2 (full 0):
 garbage-first heap   total 163840K, used 34550K [0x0000000760e00000, 0x0000000800000000)
  region size 2048K, 16 young (32768K), 1 survivors (2048K)
 Metaspace       used 9519K, committed 9664K, reserved 1114112K
  class space    used 1161K, committed 1216K, reserved 1048576K
}
Event: 1.589 GC heap after
{Heap after GC invocations=3 (full 0):
 garbage-first heap   total 163840K, used 5112K [0x0000000760e00000, 0x0000000800000000)
  region size 2048K, 1 young (2048K), 1 survivors (2048K)
 Metaspace       used 9519K, committed 9664K, reserved 1114112K
  class space    used 1161K, committed 1216K, reserved 1048576K
}

